0 info it worked if it ends with ok
1 verbose cli [ 'node', '/usr/local/bin/npm', 'i' ]
2 info using npm@2.11.2
3 info using node@v0.12.5
4 verbose readDependencies loading dependencies from /Users/fkhoury/development/node/testapp/package.json
5 error install Couldn't read dependencies
6 verbose stack Error: Failed to parse json
6 verbose stack Unexpected token ':' at 14:13
6 verbose stack       "Fred":[
6 verbose stack             ^
6 verbose stack     at parseError (/usr/local/lib/node_modules/npm/node_modules/read-package-json/read-json.js:379:11)
6 verbose stack     at parseJson (/usr/local/lib/node_modules/npm/node_modules/read-package-json/read-json.js:68:23)
6 verbose stack     at /usr/local/lib/node_modules/npm/node_modules/read-package-json/read-json.js:48:5
6 verbose stack     at evalmachine.<anonymous>:334:14
6 verbose stack     at /usr/local/lib/node_modules/npm/node_modules/graceful-fs/graceful-fs.js:102:5
6 verbose stack     at FSReqWrap.oncomplete (evalmachine.<anonymous>:95:15)
7 verbose cwd /Users/fkhoury/development/node/testapp
8 error Darwin 14.5.0
9 error argv "node" "/usr/local/bin/npm" "i"
10 error node v0.12.5
11 error npm  v2.11.2
12 error file /Users/fkhoury/development/node/testapp/package.json
13 error code EJSONPARSE
14 error Failed to parse json
14 error Unexpected token ':' at 14:13
14 error       "Fred":[
14 error             ^
15 error File: /Users/fkhoury/development/node/testapp/package.json
16 error Failed to parse package.json data.
16 error package.json must be actual JSON, not just JavaScript.
16 error
16 error This is not a bug in npm.
16 error Tell the package author to fix their package.json file. JSON.parse
17 verbose exit [ 1, true ]
